  Screen.cpp
h:\documents\projets\gji2017\includes\collider.h(61): warning C4244: 'argument' : conversion de 'int' en 'float', perte possible de données
h:\documents\projets\gji2017\sources\screen.cpp(21): warning C4244: 'argument' : conversion de 'float' en 'const std::size_t', perte possible de données
h:\documents\projets\gji2017\sources\screen.cpp(24): warning C4244: 'argument' : conversion de 'float' en 'const std::size_t', perte possible de données
h:\documents\projets\gji2017\sources\screen.cpp(27): warning C4244: 'argument' : conversion de 'float' en 'const std::size_t', perte possible de données
h:\documents\projets\gji2017\sources\screen.cpp(30): warning C4244: 'argument' : conversion de 'float' en 'const std::size_t', perte possible de données
h:\documents\projets\gji2017\sources\screen.cpp(45): warning C4244: 'argument' : conversion de 'float' en 'const std::size_t', perte possible de données
h:\documents\projets\gji2017\sources\screen.cpp(48): warning C4244: 'argument' : conversion de 'float' en 'const std::size_t', perte possible de données
h:\documents\projets\gji2017\sources\screen.cpp(51): warning C4244: 'argument' : conversion de 'float' en 'const std::size_t', perte possible de données
  Player.cpp
h:\documents\projets\gji2017\includes\collider.h(61): warning C4244: 'argument' : conversion de 'int' en 'float', perte possible de données
  Main.cpp
h:\documents\projets\gji2017\includes\collider.h(61): warning C4244: 'argument' : conversion de 'int' en 'float', perte possible de données
h:\documents\projets\gji2017\sources\main.cpp(10): warning C4244: 'argument' : conversion de 'float' en 'unsigned int', perte possible de données
h:\documents\projets\gji2017\sources\main.cpp(20): warning C4018: '<' : incompatibilité signed/unsigned
  Event.cpp
h:\documents\projets\gji2017\includes\collider.h(61): warning C4244: 'argument' : conversion de 'int' en 'float', perte possible de données
  Button.cpp
h:\documents\projets\gji2017\includes\collider.h(61): warning C4244: 'argument' : conversion de 'int' en 'float', perte possible de données
  Génération de code en cours...
h:\documents\projets\gji2017\sources\button.cpp(86): warning C4715: 'Button::triggerEvent' : les chemins de contrôle ne retournent pas tous une valeur
  GJI2017.vcxproj -> H:\Documents\Projets\GJI2017\Debug\GJI2017.exe
  GJI2017.vcxproj -> H:\Documents\Projets\GJI2017\Debug\GJI2017.pdb (Full PDB)
